2023-08-06 00:43:33.117084 - Initialized conversion of CBT074
2023-08-06 00:43:33.671369 - Received CBT.V505.FILE074.PDS from FILE074.XMI 
2023-08-06 00:43:33.673744 - Found $$$#DATE.txt (text/plain) in CBT.V505.FILE074.PDS, moved to PDS/$$$#DATE
2023-08-06 00:43:33.674842 - Found $$PERMIT.txt (text/plain) in CBT.V505.FILE074.PDS, moved to PDS/$$PERMIT
2023-08-06 00:43:33.675815 - Found $ALLOC.txt (text/plain) in CBT.V505.FILE074.PDS, moved to PDS/$ALLOC
2023-08-06 00:43:33.676782 - Found $JULCAL.txt (text/plain) in CBT.V505.FILE074.PDS, moved to PDS/$JULCAL
2023-08-06 00:43:33.677752 - Found $STCK.txt (text/plain) in CBT.V505.FILE074.PDS, moved to PDS/$STCK
2023-08-06 00:43:33.678696 - Found $USERCVT.txt (text/plain) in CBT.V505.FILE074.PDS, moved to PDS/$USERCVT
2023-08-06 00:43:33.679640 - Found #RTN.txt (text/plain) in CBT.V505.FILE074.PDS, moved to PDS/#RTN
2023-08-06 00:43:33.680480 - Found #SLC.txt (text/plain) in CBT.V505.FILE074.PDS, moved to PDS/#SLC
2023-08-06 00:43:33.681287 - Found @AMODE.txt (text/plain) in CBT.V505.FILE074.PDS, moved to PDS/@AMODE
2023-08-06 00:43:33.682164 - Found @ASMCOMM.txt (text/plain) in CBT.V505.FILE074.PDS, moved to PDS/@ASMCOMM
2023-08-06 00:43:33.683004 - Found @FILE074.txt (text/plain) in CBT.V505.FILE074.PDS, moved to PDS/@FILE074
2023-08-06 00:43:33.683925 - Found @FINDUCB.txt (text/plain) in CBT.V505.FILE074.PDS, moved to PDS/@FINDUCB
2023-08-06 00:43:33.684763 - Found @JOBPARM.txt (text/plain) in CBT.V505.FILE074.PDS, moved to PDS/@JOBPARM
2023-08-06 00:43:33.685614 - Found @JPF1.txt (text/plain) in CBT.V505.FILE074.PDS, moved to PDS/@JPF1
2023-08-06 00:43:33.686573 - Found @JPF2.txt (text/plain) in CBT.V505.FILE074.PDS, moved to PDS/@JPF2
2023-08-06 00:43:33.687466 - Found @MDM0000.txt (text/plain) in CBT.V505.FILE074.PDS, moved to PDS/@MDM0000
2023-08-06 00:43:33.688358 - Found @RVDATA.txt (text/plain) in CBT.V505.FILE074.PDS, moved to PDS/@RVDATA
2023-08-06 00:43:33.689230 - Found @RVPARM.txt (text/plain) in CBT.V505.FILE074.PDS, moved to PDS/@RVPARM
2023-08-06 00:43:33.690171 - Found @STCK.txt (text/plain) in CBT.V505.FILE074.PDS, moved to PDS/@STCK
2023-08-06 00:43:33.691148 - Found @STCKD.txt (text/plain) in CBT.V505.FILE074.PDS, moved to PDS/@STCKD
2023-08-06 00:43:33.692069 - Found @WEEKDAY.txt (text/plain) in CBT.V505.FILE074.PDS, moved to PDS/@WEEKDAY
2023-08-06 00:43:33.692967 - Found ALCBLKSZ.txt (text/plain) in CBT.V505.FILE074.PDS, moved to PDS/ALCBLKSZ
2023-08-06 00:43:33.693853 - Found ALCBUFNO.txt (text/plain) in CBT.V505.FILE074.PDS, moved to PDS/ALCBUFNO
2023-08-06 00:43:33.694711 - Found ALCCC.txt (text/plain) in CBT.V505.FILE074.PDS, moved to PDS/ALCCC
2023-08-06 00:43:33.695566 - Found ALCCOPYS.txt (text/plain) in CBT.V505.FILE074.PDS, moved to PDS/ALCCOPYS
2023-08-06 00:43:33.696423 - Found ALCDD.txt (text/plain) in CBT.V505.FILE074.PDS, moved to PDS/ALCDD
2023-08-06 00:43:33.697293 - Found ALCDEST.txt (text/plain) in CBT.V505.FILE074.PDS, moved to PDS/ALCDEST
2023-08-06 00:43:33.698224 - Found ALCDISP.txt (text/plain) in CBT.V505.FILE074.PDS, moved to PDS/ALCDISP
2023-08-06 00:43:33.699099 - Found ALCDSN.txt (text/plain) in CBT.V505.FILE074.PDS, moved to PDS/ALCDSN
2023-08-06 00:43:33.699966 - Found ALCDUMMY.txt (text/plain) in CBT.V505.FILE074.PDS, moved to PDS/ALCDUMMY
2023-08-06 00:43:33.700841 - Found ALCERR.txt (text/plain) in CBT.V505.FILE074.PDS, moved to PDS/ALCERR
2023-08-06 00:43:33.701779 - Found ALCFCB.txt (text/plain) in CBT.V505.FILE074.PDS, moved to PDS/ALCFCB
2023-08-06 00:43:33.702703 - Found ALCFREE.txt (text/plain) in CBT.V505.FILE074.PDS, moved to PDS/ALCFREE
2023-08-06 00:43:33.703562 - Found ALCLRECL.txt (text/plain) in CBT.V505.FILE074.PDS, moved to PDS/ALCLRECL
2023-08-06 00:43:33.704522 - Found ALCMBR.txt (text/plain) in CBT.V505.FILE074.PDS, moved to PDS/ALCMBR
2023-08-06 00:43:33.705449 - Found ALCMODEL.txt (text/plain) in CBT.V505.FILE074.PDS, moved to PDS/ALCMODEL
2023-08-06 00:43:33.706387 - Found ALCOUTPT.txt (text/plain) in CBT.V505.FILE074.PDS, moved to PDS/ALCOUTPT
2023-08-06 00:43:33.707318 - Found ALCRECFM.txt (text/plain) in CBT.V505.FILE074.PDS, moved to PDS/ALCRECFM
2023-08-06 00:43:33.708274 - Found ALCRETDD.txt (text/plain) in CBT.V505.FILE074.PDS, moved to PDS/ALCRETDD
2023-08-06 00:43:33.709192 - Found ALCRETDS.txt (text/plain) in CBT.V505.FILE074.PDS, moved to PDS/ALCRETDS
2023-08-06 00:43:33.710118 - Found ALCRLSE.txt (text/plain) in CBT.V505.FILE074.PDS, moved to PDS/ALCRLSE
2023-08-06 00:43:33.711014 - Found ALCSPACE.txt (text/plain) in CBT.V505.FILE074.PDS, moved to PDS/ALCSPACE
2023-08-06 00:43:33.711967 - Found ALCSSOUT.txt (text/plain) in CBT.V505.FILE074.PDS, moved to PDS/ALCSSOUT
2023-08-06 00:43:33.712825 - Found ALCTERM.txt (text/plain) in CBT.V505.FILE074.PDS, moved to PDS/ALCTERM
2023-08-06 00:43:33.713701 - Found ALCUDISP.txt (text/plain) in CBT.V505.FILE074.PDS, moved to PDS/ALCUDISP
2023-08-06 00:43:33.714655 - Found ALCUNAL.txt (text/plain) in CBT.V505.FILE074.PDS, moved to PDS/ALCUNAL
2023-08-06 00:43:33.715558 - Found ALCUNIT.txt (text/plain) in CBT.V505.FILE074.PDS, moved to PDS/ALCUNIT
2023-08-06 00:43:33.716523 - Found ALCVOL.txt (text/plain) in CBT.V505.FILE074.PDS, moved to PDS/ALCVOL
2023-08-06 00:43:33.717388 - Found NASPA.txt (text/plain) in CBT.V505.FILE074.PDS, moved to PDS/NASPA
2023-08-06 00:43:33.718337 - Found PXPIRFLD.txt (text/plain) in CBT.V505.FILE074.PDS, moved to PDS/PXPIRFLD
2023-08-06 00:43:33.719304 - Found QTGET.txt (text/plain) in CBT.V505.FILE074.PDS, moved to PDS/QTGET
2023-08-06 00:43:33.720221 - Found QTPUT.txt (text/plain) in CBT.V505.FILE074.PDS, moved to PDS/QTPUT
2023-08-06 00:43:33.721127 - Found SPF@MACS.txt (text/plain) in CBT.V505.FILE074.PDS, moved to PDS/SPF@MACS
2023-08-06 00:43:33.722063 - Found SPFALLOC.txt (text/plain) in CBT.V505.FILE074.PDS, moved to PDS/SPFALLOC
2023-08-06 00:43:33.722955 - Found SPFBRWSE.txt (text/plain) in CBT.V505.FILE074.PDS, moved to PDS/SPFBRWSE
2023-08-06 00:43:33.723922 - Found SPFCMDS.txt (text/plain) in CBT.V505.FILE074.PDS, moved to PDS/SPFCMDS
2023-08-06 00:43:33.724795 - Found SPFCRP.txt (text/plain) in CBT.V505.FILE074.PDS, moved to PDS/SPFCRP
2023-08-06 00:43:33.725699 - Found SPFDEQ.txt (text/plain) in CBT.V505.FILE074.PDS, moved to PDS/SPFDEQ
2023-08-06 00:43:33.726544 - Found SPFDS.txt (text/plain) in CBT.V505.FILE074.PDS, moved to PDS/SPFDS
2023-08-06 00:43:33.727359 - Found SPFDS1.txt (text/plain) in CBT.V505.FILE074.PDS, moved to PDS/SPFDS1
2023-08-06 00:43:33.728182 - Found SPFDS2.txt (text/plain) in CBT.V505.FILE074.PDS, moved to PDS/SPFDS2
2023-08-06 00:43:33.729046 - Found SPFDS4.txt (text/plain) in CBT.V505.FILE074.PDS, moved to PDS/SPFDS4
2023-08-06 00:43:33.729972 - Found SPFEDIT.txt (text/plain) in CBT.V505.FILE074.PDS, moved to PDS/SPFEDIT
2023-08-06 00:43:33.730948 - Found SPFENQ.txt (text/plain) in CBT.V505.FILE074.PDS, moved to PDS/SPFENQ
2023-08-06 00:43:33.731832 - Found SPFEXIT.txt (text/plain) in CBT.V505.FILE074.PDS, moved to PDS/SPFEXIT
2023-08-06 00:43:33.732699 - Found SPFINIT.txt (text/plain) in CBT.V505.FILE074.PDS, moved to PDS/SPFINIT
2023-08-06 00:43:33.733599 - Found SPFJOBNM.txt (text/plain) in CBT.V505.FILE074.PDS, moved to PDS/SPFJOBNM
2023-08-06 00:43:33.734595 - Found SPFLOC.txt (text/plain) in CBT.V505.FILE074.PDS, moved to PDS/SPFLOC
2023-08-06 00:43:33.735523 - Found SPFOBT.txt (text/plain) in CBT.V505.FILE074.PDS, moved to PDS/SPFOBT
2023-08-06 00:43:33.736471 - Found SPFRJUST.txt (text/plain) in CBT.V505.FILE074.PDS, moved to PDS/SPFRJUST
2023-08-06 00:43:33.737418 - Found SPFROW.txt (text/plain) in CBT.V505.FILE074.PDS, moved to PDS/SPFROW
2023-08-06 00:43:33.738336 - Found SPFSARG.txt (text/plain) in CBT.V505.FILE074.PDS, moved to PDS/SPFSARG
2023-08-06 00:43:33.739269 - Found SPFSPLAY.txt (text/plain) in CBT.V505.FILE074.PDS, moved to PDS/SPFSPLAY
2023-08-06 00:43:33.740157 - Found SPFSUB.txt (text/plain) in CBT.V505.FILE074.PDS, moved to PDS/SPFSUB
2023-08-06 00:43:33.741041 - Found SPFTAILR.txt (text/plain) in CBT.V505.FILE074.PDS, moved to PDS/SPFTAILR
2023-08-06 00:43:33.741969 - Found SPFTBCR.txt (text/plain) in CBT.V505.FILE074.PDS, moved to PDS/SPFTBCR
2023-08-06 00:43:33.742902 - Found SPFTBDIS.txt (text/plain) in CBT.V505.FILE074.PDS, moved to PDS/SPFTBDIS
2023-08-06 00:43:33.743818 - Found SPFTBL#.txt (text/plain) in CBT.V505.FILE074.PDS, moved to PDS/SPFTBL#
2023-08-06 00:43:33.744745 - Found SPFTBLOC.txt (text/plain) in CBT.V505.FILE074.PDS, moved to PDS/SPFTBLOC
2023-08-06 00:43:33.745693 - Found SPFTBLRS.txt (text/plain) in CBT.V505.FILE074.PDS, moved to PDS/SPFTBLRS
2023-08-06 00:43:33.746633 - Found SPFTCNT1.txt (text/plain) in CBT.V505.FILE074.PDS, moved to PDS/SPFTCNT1
2023-08-06 00:43:33.747545 - Found SPFTCNT2.txt (text/plain) in CBT.V505.FILE074.PDS, moved to PDS/SPFTCNT2
2023-08-06 00:43:33.748391 - Found SPFTEMP.txt (text/plain) in CBT.V505.FILE074.PDS, moved to PDS/SPFTEMP
2023-08-06 00:43:33.749258 - Found SPFVCOPY.txt (text/plain) in CBT.V505.FILE074.PDS, moved to PDS/SPFVCOPY
2023-08-06 00:43:33.750201 - Found SPFVDEF.txt (text/plain) in CBT.V505.FILE074.PDS, moved to PDS/SPFVDEF
2023-08-06 00:43:33.751072 - Found SPFVDEL.txt (text/plain) in CBT.V505.FILE074.PDS, moved to PDS/SPFVDEL
2023-08-06 00:43:33.751877 - Found SPFVGET.txt (text/plain) in CBT.V505.FILE074.PDS, moved to PDS/SPFVGET
2023-08-06 00:43:33.752677 - Found SPFVPUT.txt (text/plain) in CBT.V505.FILE074.PDS, moved to PDS/SPFVPUT
2023-08-06 00:43:33.753512 - Found SPFVREPL.txt (text/plain) in CBT.V505.FILE074.PDS, moved to PDS/SPFVREPL
